<?xml version="1.0" encoding="UTF-8"?>
<testsuite xmlns:xsi="http://www.w3.org/2001/XMLSchema-instance" xsi:noNamespaceSchemaLocation="https://maven.apache.org/surefire/maven-surefire-plugin/xsd/surefire-test-report-3.0.xsd" version="3.0" name="com.Staff.StaffApplicationTests" time="17.353" tests="1" errors="0" skipped="0" failures="0">
  <properties>
[...]
</properties>
  <testcase name="contextLoads" classname="com.Staff.StaffApplicationTests" time="0.902">
    <system-out><![CDATA[12:42:48.375 [main] INFO org.springframework.test.context.support.AnnotationConfigContextLoaderUtils -- Could not detect default configuration classes for test class [com.Staff.StaffApplicationTests]: StaffApplicationTests does not declare any static, non-private, non-final, nested classes annotated with @Configuration.
12:42:48.938 [main] INFO org.springframework.boot.test.context.SpringBootTestContextBootstrapper -- Found @SpringBootConfiguration com.Staff.StaffApplication for test class com.Staff.StaffApplicationTests

  .   ____          _            __ _ _
 /\\ / ___'_ __ _ _(_)_ __  __ _ \ \ \ \
( ( )\___ | '_ | '_| | '_ \/ _` | \ \ \ \
 \\/  ___)| |_)| | | | | || (_| |  ) ) ) )
  '  |____| .__|_| |_|_| |_\__, | / / / /
 =========|_|==============|___/=/_/_/_/
 :: Spring Boot ::                (v3.2.4)

2024-04-24T12:42:50.858+05:30  INFO 16464 --- [Staff-service] [           main] com.Staff.StaffApplicationTests          : Starting StaffApplicationTests using Java 17.0.7 with PID 16464 (started by HP in C:\Users\HP\Desktop\DOne\Staff Api\Staff)
2024-04-24T12:42:50.861+05:30  INFO 16464 --- [Staff-service] [           main] com.Staff.StaffApplicationTests          : No active profile set, falling back to 1 default profile: "default"
2024-04-24T12:42:53.977+05:30  INFO 16464 --- [Staff-service] [           main] .s.d.r.c.RepositoryConfigurationDelegate : Bootstrapping Spring Data JPA repositories in DEFAULT mode.
2024-04-24T12:42:54.876+05:30  INFO 16464 --- [Staff-service] [           main] .s.d.r.c.RepositoryConfigurationDelegate : Finished Spring Data repository scanning in 843 ms. Found 2 JPA repository interfaces.
2024-04-24T12:42:55.948+05:30  INFO 16464 --- [Staff-service] [           main] o.s.cloud.context.scope.GenericScope     : BeanFactory id=fa16832f-6fa5-330e-b7ef-59fa36d2f287
2024-04-24T12:42:56.767+05:30  WARN 16464 --- [Staff-service] [           main] trationDelegate$BeanPostProcessorChecker : Bean 'org.springframework.cloud.client.loadbalancer.LoadBalancerAutoConfiguration$DeferringLoadBalancerInterceptorConfig' of type [org.springframework.cloud.client.loadbalancer.LoadBalancerAutoConfiguration$DeferringLoadBalancerInterceptorConfig] is not eligible for getting processed by all BeanPostProcessors (for example: not eligible for auto-proxying). The currently created BeanPostProcessor [lbRestClientPostProcessor] is declared through a non-static factory method on that class; consider declaring it as static instead.
2024-04-24T12:42:56.775+05:30  WARN 16464 --- [Staff-service] [           main] trationDelegate$BeanPostProcessorChecker : Bean 'deferringLoadBalancerInterceptor' of type [org.springframework.cloud.client.loadbalancer.DeferringLoadBalancerInterceptor] is not eligible for getting processed by all BeanPostProcessors (for example: not eligible for auto-proxying). Is this bean getting eagerly injected into a currently created BeanPostProcessor [lbRestClientPostProcessor]? Check the corresponding BeanPostProcessor declaration and its dependencies.
2024-04-24T12:42:57.205+05:30  INFO 16464 --- [Staff-service] [           main] o.hibernate.jpa.internal.util.LogHelper  : HHH000204: Processing PersistenceUnitInfo [name: default]
2024-04-24T12:42:57.374+05:30  INFO 16464 --- [Staff-service] [           main] org.hibernate.Version                    : HHH000412: Hibernate ORM core version 6.4.4.Final
2024-04-24T12:42:57.459+05:30  INFO 16464 --- [Staff-service] [           main] o.h.c.internal.RegionFactoryInitiator    : HHH000026: Second-level cache disabled
2024-04-24T12:42:58.103+05:30  INFO 16464 --- [Staff-service] [           main] o.s.o.j.p.SpringPersistenceUnitInfo      : No LoadTimeWeaver setup: ignoring JPA class transformer
2024-04-24T12:42:58.154+05:30  INFO 16464 --- [Staff-service] [           main] com.zaxxer.hikari.HikariDataSource       : HikariPool-1 - Starting...
2024-04-24T12:42:58.803+05:30  INFO 16464 --- [Staff-service] [           main] com.zaxxer.hikari.pool.HikariPool        : HikariPool-1 - Added connection com.mysql.cj.jdbc.ConnectionImpl@342723a3
2024-04-24T12:42:58.808+05:30  INFO 16464 --- [Staff-service] [           main] com.zaxxer.hikari.HikariDataSource       : HikariPool-1 - Start completed.
2024-04-24T12:43:00.974+05:30  INFO 16464 --- [Staff-service] [           main] o.h.e.t.j.p.i.JtaPlatformInitiator       : HHH000489: No JTA platform available (set 'hibernate.transaction.jta.platform' to enable JTA platform integration)
2024-04-24T12:43:01.158+05:30  INFO 16464 --- [Staff-service] [           main] j.LocalContainerEntityManagerFactoryBean : Initialized JPA EntityManagerFactory for persistence unit 'default'
2024-04-24T12:43:01.828+05:30  WARN 16464 --- [Staff-service] [           main] JpaBaseConfiguration$JpaWebConfiguration : spring.jpa.open-in-view is enabled by default. Therefore, database queries may be performed during view rendering. Explicitly configure spring.jpa.open-in-view to disable this warning
2024-04-24T12:43:02.738+05:30  INFO 16464 --- [Staff-service] [           main] DiscoveryClientOptionalArgsConfiguration : Eureka HTTP Client uses RestTemplate.
2024-04-24T12:43:02.794+05:30  WARN 16464 --- [Staff-service] [           main] iguration$LoadBalancerCaffeineWarnLogger : Spring Cloud LoadBalancer is currently working with the default cache. While this cache implementation is useful for development and tests, it's recommended to use Caffeine cache in production.You can switch to using Caffeine cache, by adding it and org.springframework.cache.caffeine.CaffeineCacheManager to the classpath.
2024-04-24T12:43:02.831+05:30  INFO 16464 --- [Staff-service] [           main] o.s.c.n.eureka.InstanceInfoFactory       : Setting initial instance status as: STARTING
2024-04-24T12:43:03.007+05:30  INFO 16464 --- [Staff-service] [           main] com.netflix.discovery.DiscoveryClient    : Initializing Eureka in region us-east-1
2024-04-24T12:43:03.014+05:30  INFO 16464 --- [Staff-service] [           main] c.n.d.s.r.aws.ConfigClusterResolver      : Resolving eureka endpoints via configuration
2024-04-24T12:43:03.072+05:30  INFO 16464 --- [Staff-service] [           main] com.netflix.discovery.DiscoveryClient    : Disable delta property : false
2024-04-24T12:43:03.073+05:30  INFO 16464 --- [Staff-service] [           main] com.netflix.discovery.DiscoveryClient    : Single vip registry refresh property : null
2024-04-24T12:43:03.073+05:30  INFO 16464 --- [Staff-service] [           main] com.netflix.discovery.DiscoveryClient    : Force full registry fetch : false
2024-04-24T12:43:03.073+05:30  INFO 16464 --- [Staff-service] [           main] com.netflix.discovery.DiscoveryClient    : Application is null : false
2024-04-24T12:43:03.074+05:30  INFO 16464 --- [Staff-service] [           main] com.netflix.discovery.DiscoveryClient    : Registered Applications size is zero : true
2024-04-24T12:43:03.074+05:30  INFO 16464 --- [Staff-service] [           main] com.netflix.discovery.DiscoveryClient    : Application version is -1: true
2024-04-24T12:43:03.074+05:30  INFO 16464 --- [Staff-service] [           main] com.netflix.discovery.DiscoveryClient    : Getting all instance registry info from the eureka server
2024-04-24T12:43:03.764+05:30  INFO 16464 --- [Staff-service] [           main] com.netflix.discovery.DiscoveryClient    : The response status is 200
2024-04-24T12:43:03.769+05:30  INFO 16464 --- [Staff-service] [           main] com.netflix.discovery.DiscoveryClient    : Starting heartbeat executor: renew interval is: 30
2024-04-24T12:43:03.775+05:30  INFO 16464 --- [Staff-service] [           main] c.n.discovery.InstanceInfoReplicator     : InstanceInfoReplicator onDemand update allowed rate per min is 4
2024-04-24T12:43:03.785+05:30  INFO 16464 --- [Staff-service] [           main] com.netflix.discovery.DiscoveryClient    : Discovery Client initialized at timestamp 1713942783784 with initial instances count: 3
2024-04-24T12:43:03.791+05:30  INFO 16464 --- [Staff-service] [           main] o.s.c.n.e.s.EurekaServiceRegistry        : Registering application STAFF-SERVICE with eureka with status UP
2024-04-24T12:43:03.792+05:30  INFO 16464 --- [Staff-service] [           main] com.netflix.discovery.DiscoveryClient    : Saw local status change event StatusChangeEvent [timestamp=1713942783792, current=UP, previous=STARTING]
2024-04-24T12:43:03.796+05:30  INFO 16464 --- [Staff-service] [nfoReplicator-0] com.netflix.discovery.DiscoveryClient    : DiscoveryClient_STAFF-SERVICE/DESKTOP-JTO964O:Staff-service:8083: registering service...
2024-04-24T12:43:03.835+05:30  INFO 16464 --- [Staff-service] [           main] com.Staff.StaffApplicationTests          : Started StaffApplicationTests in 13.912 seconds (process running for 17.977)
2024-04-24T12:43:03.987+05:30  INFO 16464 --- [Staff-service] [nfoReplicator-0] com.netflix.discovery.DiscoveryClient    : DiscoveryClient_STAFF-SERVICE/DESKTOP-JTO964O:Staff-service:8083 - registration status: 204
]]></system-out>
  </testcase>
</testsuite>